<?xml version="1.0" encoding="UTF-8"?>
<testsuite name="pav.matrosov.AutomationPracticeForm" tests="1" skipped="0" failures="0" errors="0" timestamp="2021-10-28T12:46:00" hostname="LAPTOP-Q6NA9HPD" time="7.568">
  <properties/>
  <testcase name="fillFormTest()" classname="pav.matrosov.AutomationPracticeForm" time="7.568"/>
  <system-out><![CDATA[]]></system-out>
  <system-err><![CDATA[SLF4J: Failed to load class "org.slf4j.impl.StaticLoggerBinder".
SLF4J: Defaulting to no-operation (NOP) logger implementation
SLF4J: See http://www.slf4j.org/codes.html#StaticLoggerBinder for further details.
Starting ChromeDriver 95.0.4638.54 (d31a821ec901f68d0d34ccdbaea45b4c86ce543e-refs/branch-heads/4638@{#871}) on port 45041
Only local connections are allowed.
Please see https://chromedriver.chromium.org/security-considerations for suggestions on keeping ChromeDriver safe.
ChromeDriver was started successfully.
окт 28, 2021 3:46:02 PM org.openqa.selenium.remote.ProtocolHandshake createSession
INFO: Detected dialect: W3C
]]></system-err>
</testsuite>
